<?xml version="1.0" encoding="UTF-8"?>
<!-- Generated by org.testng.reporters.JUnitReportReporter -->
<testsuite hostname="Shanab" failures="0" tests="1" name="TestCase" time="0.111" errors="0" timestamp="2023-05-22T19:06:49 EET" skipped="0">
  <testcase classname="TestCase" name="MyTestCase" time="0.111"/>
  <system-out/>
</testsuite> <!-- TestCase -->
